#separator \x09
#set_separator	,
#empty_field	(empty)
#unset_field	-
#path	x509
#open	2020-04-18-11-42-34
#fields	ts	id	certificate.version	certificate.serial	certificate.subject	certificate.issuer	certificate.not_valid_before	certificate.not_valid_after	certificate.key_alg	certificate.sig_alg	certificate.key_type	certificate.key_length	certificate.exponent	certificate.curve	san.dns	san.uri	san.email	san.ip	basic_constraints.ca	basic_constraints.path_len
#types	time	string	count	string	string	string	time	time	string	string	string	count	string	string	vector[string]	vector[string]	vector[string]	vector[addr]	bool	count
1587202954.764014	F9yfSfruevX5qPjJk	3	644A68F011861931192823728FBE1545	C=US,ST=California,O=Apple Inc.,OU=management:idms.group.576486,CN=*.ls.apple.com	C=US,O=Apple Inc.,OU=Certification Authority,CN=Apple IST CA 2 - G1	1552688249.000000	1618348649.000000	rsaEncryption	sha256WithRSAEncryption	rsa	2048	65537	-	*.ls.apple.com	-	-	-	F	-
1587202954.764014	F1MMhf4O4NgtFY5sF1	3	023A74	C=US,O=Apple Inc.,OU=Certification Authority,CN=Apple IST CA 2 - G1	CN=GeoTrust Global CA,O=GeoTrust Inc.,C=US	1402926122.000000	1653054122.000000	rsaEncryption	sha256WithRSAEncryption	rsa	2048	65537	-	-	-	-	-	T	0
1587202955.658702	FdwUAX2DNsslQzvgHg	3	078E3FF60AF0F9E0B38F6CB27A8269DC	CN=*.facebook.com,O=Facebook\\, Inc.,L=Menlo Park,ST=California,C=US	CN=DigiCert SHA2 High Assurance Server CA,OU=www.digicert.com,O=DigiCert Inc,C=US	1583017200.000000	1590832800.000000	id-ecPublicKey	sha256WithRSAEncryption	ecdsa	256	-	prime256v1	*.facebook.com,*.facebook.net,*.fb.com,*.fbcdn.net,*.fbsbx.com,*.messenger.com,facebook.com,fb.com,messenger.com,*.m.facebook.com,*.xx.fbcdn.net,*.xy.fbcdn.net,*.xz.fbcdn.net	-	-	-	F	-
1587202955.658702	FMhoSz4YgB2dAc6nvc	3	04E1E7A4DC5CF2F36DC02B42B85D159F	CN=DigiCert SHA2 High Assurance Server CA,OU=www.digicert.com,O=DigiCert Inc,C=US	CN=DigiCert High Assurance EV Root CA,OU=www.digicert.com,O=DigiCert Inc,C=US	1382436000.000000	1855821600.000000	rsaEncryption	sha256WithRSAEncryption	rsa	2048	65537	-	-	-	-	-	T	0
1587203083.772353	FFJirS2ttxR6hStX0d	3	0E5ECF181783006D9BAC453611F54912	CN=www.python.org,O=Python Software Foundation,L=Wolfeboro,ST=New Hampshire,C=US,serialNumber=3359300,jurisdictionST=Delaware,jurisdictionC=US,businessCategory=Private Organization	CN=DigiCert SHA2 Extended Validation Server CA,OU=www.digicert.com,O=DigiCert Inc,C=US	1537221600.000000	1602669600.000000	rsaEncryption	sha256WithRSAEncryption	rsa	2048	65537	-	www.python.org,docs.python.org,bugs.python.org,wiki.python.org,hg.python.org,mail.python.org,pypi.python.org,packaging.python.org,login.python.org,discuss.python.org,us.pycon.org,pypi.io,docs.pypi.io,pypi.org,docs.pypi.org,donate.pypi.org,devguide.python.org,www.bugs.python.org,python.org	-	-	-	F	-
1587203083.772353	FHj53t3GW7OJZMrzQk	3	0C79A944B08C11952092615FE26B1D83	CN=DigiCert SHA2 Extended Validation Server CA,OU=www.digicert.com,O=DigiCert Inc,C=US	CN=DigiCert High Assurance EV Root CA,OU=www.digicert.com,O=DigiCert Inc,C=US	1382436000.000000	1855821600.000000	rsaEncryption	sha256WithRSAEncryption	rsa	2048	65537	-	-	-	-	-	T	0
1587203216.103446	Fzp9tz4NxlqyGjzi2i	3	04781FA004AAEB95B9B9C07DDB18775E	CN=assets.grammarly.com	CN=Amazon,OU=Server CA 1B,O=Amazon,C=US	1584658800.000000	1618912800.000000	rsaEncryption	sha256WithRSAEncryption	rsa	2048	65537	-	assets.grammarly.com	-	-	-	F	-
1587203216.103446	Fo8CQD1Mb0lcgtOMA7	3	067F94578587E8AC77DEB253325BBC998B560D	CN=Amazon,OU=Server CA 1B,O=Amazon,C=US	CN=Amazon Root CA 1,O=Amazon,C=US	1445464800.000000	1760824800.000000	rsaEncryption	sha256WithRSAEncryption	rsa	2048	65537	-	-	-	-	-	T	0
1587203216.103446	FKsnXkCA0SpXS7OG7	3	067F944A2A27CDF3FAC2AE2B01F908EEB9C4C6	CN=Amazon Root CA 1,O=Amazon,C=US	CN=Starfield Services Root Certificate Authority - G2,O=Starfield Technologies\\, Inc.,L=Scottsdale,ST=Arizona,C=US	1432548000.000000	2145830400.000000	rsaEncryption	sha256WithRSAEncryption	rsa	2048	65537	-	-	-	-	-	T	-
1587203216.103446	FgdveC4Oj4lCEoWHk5	3	A70E4A4C3482B77F	CN=Starfield Services Root Certificate Authority - G2,O=Starfield Technologies\\, Inc.,L=Scottsdale,ST=Arizona,C=US	OU=Starfield Class 2 Certification Authority,O=Starfield Technologies\\, Inc.,C=US	1251842400.000000	2035121956.000000	rsaEncryption	sha256WithRSAEncryption	rsa	2048	65537	-	-	-	-	-	T	-
1587203343.991236	FgkJiRsrX3UsWcmYe	3	0D255DAE3D97611438731B3162D77E86	CN=f-log-extension.grammarly.io	CN=Amazon,OU=Server CA 1B,O=Amazon,C=US	1585692000.000000	1619863200.000000	rsaEncryption	sha256WithRSAEncryption	rsa	2048	65537	-	f-log-extension.grammarly.io	-	-	-	F	-
1587203343.991236	FVaJJo3gFYp9u6W2Tf	3	067F94578587E8AC77DEB253325BBC998B560D	CN=Amazon,OU=Server CA 1B,O=Amazon,C=US	CN=Amazon Root CA 1,O=Amazon,C=US	1445464800.000000	1760824800.000000	rsaEncryption	sha256WithRSAEncryption	rsa	2048	65537	-	-	-	-	-	T	0
1587203343.991236	FPxkrceLsbEwj6WC6	3	067F944A2A27CDF3FAC2AE2B01F908EEB9C4C6	CN=Amazon Root CA 1,O=Amazon,C=US	CN=Starfield Services Root Certificate Authority - G2,O=Starfield Technologies\\, Inc.,L=Scottsdale,ST=Arizona,C=US	1432548000.000000	2145830400.000000	rsaEncryption	sha256WithRSAEncryption	rsa	2048	65537	-	-	-	-	-	T	-
1587203343.991236	FqIsooEklQFSl5QV	3	A70E4A4C3482B77F	CN=Starfield Services Root Certificate Authority - G2,O=Starfield Technologies\\, Inc.,L=Scottsdale,ST=Arizona,C=US	OU=Starfield Class 2 Certification Authority,O=Starfield Technologies\\, Inc.,C=US	1251842400.000000	2035121956.000000	rsaEncryption	sha256WithRSAEncryption	rsa	2048	65537	-	-	-	-	-	T	-
1587203503.362394	FICg3w4vTP6MN1nu19	3	09E6D20774E14CCE297DEB3C672E0399	CN=plugins.jetbrains.com	CN=Amazon,OU=Server CA 1B,O=Amazon,C=US	1582844400.000000	1616925600.000000	rsaEncryption	sha256WithRSAEncryption	rsa	2048	65537	-	plugins.jetbrains.com,resharper-plugins.jetbrains.com,production-green.plugins.aws.intellij.net,production-blue.plugins.aws.intellij.net,production-active.plugins.aws.intellij.net	-	-	-	F	-
1587203503.362394	FcySHi4Nauc6Enlnnl	3	067F94578587E8AC77DEB253325BBC998B560D	CN=Amazon,OU=Server CA 1B,O=Amazon,C=US	CN=Amazon Root CA 1,O=Amazon,C=US	1445464800.000000	1760824800.000000	rsaEncryption	sha256WithRSAEncryption	rsa	2048	65537	-	-	-	-	-	T	0
1587203503.362394	FdDsqw4tIJe6DCdyc	3	067F944A2A27CDF3FAC2AE2B01F908EEB9C4C6	CN=Amazon Root CA 1,O=Amazon,C=US	CN=Starfield Services Root Certificate Authority - G2,O=Starfield Technologies\\, Inc.,L=Scottsdale,ST=Arizona,C=US	1432548000.000000	2145830400.000000	rsaEncryption	sha256WithRSAEncryption	rsa	2048	65537	-	-	-	-	-	T	-
1587203503.362394	FHNH3G5xNrDFLdND6	3	A70E4A4C3482B77F	CN=Starfield Services Root Certificate Authority - G2,O=Starfield Technologies\\, Inc.,L=Scottsdale,ST=Arizona,C=US	OU=Starfield Class 2 Certification Authority,O=Starfield Technologies\\, Inc.,C=US	1251842400.000000	2035121956.000000	rsaEncryption	sha256WithRSAEncryption	rsa	2048	65537	-	-	-	-	-	T	-
1587203503.368296	FsnB3g2ATDmaaZISTh	3	09E6D20774E14CCE297DEB3C672E0399	CN=plugins.jetbrains.com	CN=Amazon,OU=Server CA 1B,O=Amazon,C=US	1582844400.000000	1616925600.000000	rsaEncryption	sha256WithRSAEncryption	rsa	2048	65537	-	plugins.jetbrains.com,resharper-plugins.jetbrains.com,production-green.plugins.aws.intellij.net,production-blue.plugins.aws.intellij.net,production-active.plugins.aws.intellij.net	-	-	-	F	-
1587203503.368296	F4p8OT2WKaJjsh7QLc	3	067F94578587E8AC77DEB253325BBC998B560D	CN=Amazon,OU=Server CA 1B,O=Amazon,C=US	CN=Amazon Root CA 1,O=Amazon,C=US	1445464800.000000	1760824800.000000	rsaEncryption	sha256WithRSAEncryption	rsa	2048	65537	-	-	-	-	-	T	0
1587203503.368296	FsbLw7xgmdrsRbYW3	3	067F944A2A27CDF3FAC2AE2B01F908EEB9C4C6	CN=Amazon Root CA 1,O=Amazon,C=US	CN=Starfield Services Root Certificate Authority - G2,O=Starfield Technologies\\, Inc.,L=Scottsdale,ST=Arizona,C=US	1432548000.000000	2145830400.000000	rsaEncryption	sha256WithRSAEncryption	rsa	2048	65537	-	-	-	-	-	T	-
1587203503.368296	Fi1UNflIuMV2yYnJ7	3	A70E4A4C3482B77F	CN=Starfield Services Root Certificate Authority - G2,O=Starfield Technologies\\, Inc.,L=Scottsdale,ST=Arizona,C=US	OU=Starfield Class 2 Certification Authority,O=Starfield Technologies\\, Inc.,C=US	1251842400.000000	2035121956.000000	rsaEncryption	sha256WithRSAEncryption	rsa	2048	65537	-	-	-	-	-	T	-
1587203582.712701	FAxigP3aNEzvHHuFtb	3	0DF80FD21408136E3237C54D8A8C5F21	CN=guzzoni.apple.com,OU=Delivery Site Reliability Engineering,O=Apple Inc.,L=Cupertino,ST=California,C=US,serialNumber=C0806592,jurisdictionST=California,jurisdictionC=US,businessCategory=Private Organization	CN=DigiCert SHA2 Extended Validation Server CA-3,OU=www.digicert.com,O=DigiCert\\, Inc.,C=US	1583708400.000000	1615287600.000000	rsaEncryption	sha256WithRSAEncryption	rsa	2048	65537	-	guzzoni.apple.com	-	-	-	F	-
1587203582.712701	Fwetfd4ytsXHCZaU8j	3	081140564BABCE94CBEE090A2868F49D	CN=DigiCert SHA2 Extended Validation Server CA-3,OU=www.digicert.com,O=DigiCert\\, Inc.,C=US	CN=DigiCert High Assurance EV Root CA,OU=www.digicert.com,O=DigiCert Inc,C=US	1573557028.000000	1889176228.000000	rsaEncryption	sha256WithRSAEncryption	rsa	2048	65537	-	-	-	-	-	T	0
#close	2020-04-18-15-19-29
